<?xml version="1.0" encoding="UTF-8"?>
<!-- Generated by org.testng.reporters.JUnitXMLReporter -->
<testsuite ignored="0" hostname="ashishsri" failures="0" tests="4" name="Default test" time="0.546" errors="0" timestamp="2023-04-02T20:04:53 IST">
  <testcase classname="DatbaseTest.FirstDataBasetest" name="storedProcedureExists" time="0.046"/>
  <testcase classname="DatbaseTest.FirstDataBasetest" name="comapareAllColumns" time="0.055"/>
  <testcase classname="DatbaseTest.FirstDataBasetest" name="CompareWithparameter" time="0.012"/>
  <testcase classname="DatbaseTest.FirstDataBasetest" name="withtwoparameters" time="0.008"/>
</testsuite> <!-- Default test -->
